// 同步 ID: 2625c33a @ Wed Jul  1 11:55:07 UTC 2026
// 同步 ID: 5e5bbe4a @ Fri Jul  3 22:17:51 UTC 2026
// 同步 ID: 0f4e6960 @ Sat Jul  4 09:11:58 UTC 2026
// 同步 ID: f36cd297 @ Sun Jul  5 12:06:52 UTC 2026
// 重构日志: 71d6a8b9
// 重构日志: ac7f6773
// 重构日志: 5cab3842
// 重构日志: 2f598dcb
// 重构日志: 5e6f1114
// 重构日志: 52a88050
// 重构日志: 05d64bbf
// 同步 ID: 930dbfd8 @ Tue Jul  7 16:15:33 UTC 2026
// 重构日志: b87d8cef
// 重构日志: a53e8be4
// 重构日志: 517058f7
// 重构日志: 0bd3c9b0
// 重构日志: fd68a8d6
// 重构日志: 8f114720
// 重构日志: e126cd18
// 重构日志: 4bba2cf6
// 同步 ID: 3dab49fc @ Mon Jul 13 01:57:18 UTC 2026
// 同步 ID: 2d5288f2 @ Mon Jul 13 05:56:24 UTC 2026
// 同步 ID: e6479f12 @ Mon Jul 13 12:08:31 UTC 2026
// 重构日志: 75e22082
// 同步 ID: 1aa15cce @ Tue Jul 14 05:09:47 UTC 2026
// 重构日志: dc19878a
// 同步 ID: c9603f7d @ Tue Jul 14 10:12:11 UTC 2026
// 同步 ID: a4ca31bd @ Tue Jul 14 17:23:55 UTC 2026
// 重构日志: 58f36e68
// 同步 ID: 5150ab05 @ Wed Jul 15 13:01:50 UTC 2026
// 重构日志: 6f2ce6de
